2022-04-07 13:14:44,159 [Worker-6: Loading available Gradle versions] INFO  o.e.b.c.i.u.g.PublishedGradleVersions - Gradle version information cache is not available. Remote download required.
2022-04-07 22:32:57,341 [Worker-7: Loading available Gradle versions] INFO  o.e.b.c.i.u.g.PublishedGradleVersions - Gradle version information cache is up-to-date. Trying to read.
2022-04-08 14:55:28,869 [Worker-2: Loading available Gradle versions] INFO  o.e.b.c.i.u.g.PublishedGradleVersions - Gradle version information cache is out-of-date. Trying to update.
2022-04-11 11:28:43,676 [Worker-4: Loading available Gradle versions] INFO  o.e.b.c.i.u.g.PublishedGradleVersions - Gradle version information cache is out-of-date. Trying to update.
2022-04-11 11:28:58,837 [Start Help Server] INFO  org.eclipse.jetty.server.Server - jetty-10.0.6; built: 2021-06-29T15:28:56.259Z; git: 37e7731b4b142a882d73974ff3bec78d621bd674; jvm 18+36-2087
2022-04-11 11:28:58,863 [Start Help Server] INFO  o.e.j.s.s.DefaultSessionIdManager - Session workerName=node0
2022-04-11 11:28:58,894 [Start Help Server] INFO  o.e.j.server.handler.ContextHandler - Started o.e.j.s.ServletContextHandler@38bc16b1{/help,null,AVAILABLE}
2022-04-11 11:28:58,914 [Start Help Server] INFO  o.e.jetty.server.AbstractConnector - Started ServerConnector@3962488d{HTTP/1.1, (http/1.1)}{127.0.0.1:59122}
2022-04-11 11:28:59,043 [Start Help Server] INFO  org.eclipse.jetty.server.Server - Started Server@ce24859{STARTING}[10.0.6,sto=0] @59584ms
2022-04-11 12:47:34,654 [Stop Help Server] INFO  org.eclipse.jetty.server.Server - Stopped Server@ce24859{STOPPING}[10.0.6,sto=0]
2022-04-11 12:47:34,668 [Stop Help Server] INFO  o.e.jetty.server.AbstractConnector - Stopped ServerConnector@3962488d{HTTP/1.1, (http/1.1)}{127.0.0.1:0}
2022-04-11 12:47:34,748 [Stop Help Server] INFO  o.e.j.server.handler.ContextHandler - Stopped o.e.j.s.ServletContextHandler@38bc16b1{/help,null,STOPPED}
2022-04-12 15:00:03,952 [Worker-2: Loading available Gradle versions] INFO  o.e.b.c.i.u.g.PublishedGradleVersions - Gradle version information cache is out-of-date. Trying to update.
2022-04-12 15:00:11,147 [Start Help Server] INFO  org.eclipse.jetty.server.Server - jetty-10.0.6; built: 2021-06-29T15:28:56.259Z; git: 37e7731b4b142a882d73974ff3bec78d621bd674; jvm 18+36-2087
2022-04-12 15:00:11,165 [Start Help Server] INFO  o.e.j.s.s.DefaultSessionIdManager - Session workerName=node0
2022-04-12 15:00:11,186 [Start Help Server] INFO  o.e.j.server.handler.ContextHandler - Started o.e.j.s.ServletContextHandler@7f0a1502{/help,null,AVAILABLE}
2022-04-12 15:00:11,200 [Start Help Server] INFO  o.e.jetty.server.AbstractConnector - Started ServerConnector@25a06392{HTTP/1.1, (http/1.1)}{127.0.0.1:50489}
2022-04-12 15:00:11,255 [Start Help Server] INFO  org.eclipse.jetty.server.Server - Started Server@4cf058d2{STARTING}[10.0.6,sto=0] @23607ms
2022-04-12 15:03:24,637 [Stop Help Server] INFO  org.eclipse.jetty.server.Server - Stopped Server@4cf058d2{STOPPING}[10.0.6,sto=0]
2022-04-12 15:03:24,646 [Stop Help Server] INFO  o.e.jetty.server.AbstractConnector - Stopped ServerConnector@25a06392{HTTP/1.1, (http/1.1)}{127.0.0.1:0}
2022-04-12 15:03:24,685 [Stop Help Server] INFO  o.e.j.server.handler.ContextHandler - Stopped o.e.j.s.ServletContextHandler@7f0a1502{/help,null,STOPPED}
2022-04-14 10:47:26,472 [Worker-0: Loading available Gradle versions] INFO  o.e.b.c.i.u.g.PublishedGradleVersions - Gradle version information cache is out-of-date. Trying to update.
2022-04-18 11:44:20,179 [Worker-2: Loading available Gradle versions] INFO  o.e.b.c.i.u.g.PublishedGradleVersions - Gradle version information cache is out-of-date. Trying to update.
2022-04-19 10:06:49,004 [Worker-5: Loading available Gradle versions] INFO  o.e.b.c.i.u.g.PublishedGradleVersions - Gradle version information cache is up-to-date. Trying to read.
2022-04-20 11:45:24,191 [Worker-5: Loading available Gradle versions] INFO  o.e.b.c.i.u.g.PublishedGradleVersions - Gradle version information cache is out-of-date. Trying to update.
